[0m[1mmodule.redis_enterprise.tls_private_key.generated[0]: Refreshing state... [id=39fea6ce58a6d155f7ab0a6190122dcb33c21738][0m
[0m[1mmodule.redis_enterprise.random_password.redis_admin[0]: Refreshing state... [id=none][0m
[0m[1mmodule.redis_enterprise.module.network["us-east-1"].data.aws_availability_zones.available: Reading...[0m[0m
[0m[1mmodule.redis_enterprise.module.network["us-east-1"].aws_vpc.main: Refreshing state... [id=vpc-0d43c31bdd130d61c][0m
[0m[1mmodule.redis_enterprise.module.network["us-east-1"].data.aws_availability_zones.available: Read complete after 0s [id=us-east-1][0m
[0m[1mmodule.redis_enterprise.module.network["us-east-1"].aws_internet_gateway.main: Refreshing state... [id=igw-02b60c0573cdab800][0m
[0m[1mmodule.redis_enterprise.module.network["us-east-1"].aws_subnet.bastion[0]: Refreshing state... [id=subnet-0106630a5ec8d1ad3][0m
[0m[1mmodule.redis_enterprise.module.network["us-east-1"].aws_subnet.public["us-east-1b"]: Refreshing state... [id=subnet-026ee6c84045c7e34][0m
[0m[1mmodule.redis_enterprise.module.network["us-east-1"].aws_subnet.public["us-east-1c"]: Refreshing state... [id=subnet-0378166623d4a75d7][0m
[0m[1mmodule.redis_enterprise.module.network["us-east-1"].aws_subnet.public["us-east-1a"]: Refreshing state... [id=subnet-0f758faecc1d75054][0m
[0m[1mmodule.redis_enterprise.module.network["us-east-1"].aws_security_group.redis: Refreshing state... [id=sg-0a58023fa5da6b452][0m
[0m[1mmodule.redis_enterprise.module.network["us-east-1"].aws_route_table.public: Refreshing state... [id=rtb-0c0e6c83d1e989d1e][0m
[0m[1mmodule.redis_enterprise.module.network["us-east-1"].aws_route_table_association.bastion[0]: Refreshing state... [id=rtbassoc-0a6cf62a7dcba6507][0m
[0m[1mmodule.redis_enterprise.module.network["us-east-1"].aws_security_group_rule.internal: Refreshing state... [id=sgrule-2469760565][0m
[0m[1mmodule.redis_enterprise.module.network["us-east-1"].aws_security_group_rule.discovery: Refreshing state... [id=sgrule-3083085855][0m
[0m[1mmodule.redis_enterprise.module.network["us-east-1"].aws_security_group_rule.egress: Refreshing state... [id=sgrule-3407993035][0m
[0m[1mmodule.redis_enterprise.module.network["us-east-1"].aws_security_group_rule.ssh: Refreshing state... [id=sgrule-2694578324][0m
[0m[1mmodule.redis_enterprise.module.network["us-east-1"].aws_security_group_rule.admin_ui: Refreshing state... [id=sgrule-3016074521][0m
[0m[1mmodule.redis_enterprise.module.network["us-east-1"].aws_security_group_rule.metrics: Refreshing state... [id=sgrule-2947654827][0m
[0m[1mmodule.redis_enterprise.module.network["us-east-1"].aws_security_group_rule.database: Refreshing state... [id=sgrule-3413184527][0m
[0m[1mmodule.redis_enterprise.module.network["us-east-1"].aws_security_group_rule.rest_api: Refreshing state... [id=sgrule-747879410][0m
[0m[1mmodule.redis_enterprise.module.network["us-east-1"].aws_route_table_association.public["us-east-1a"]: Refreshing state... [id=rtbassoc-0d93b972e051930fd][0m
[0m[1mmodule.redis_enterprise.module.network["us-east-1"].aws_route_table_association.public["us-east-1c"]: Refreshing state... [id=rtbassoc-05d27e5f3652d4ff6][0m
[0m[1mmodule.redis_enterprise.module.network["us-east-1"].aws_route_table_association.public["us-east-1b"]: Refreshing state... [id=rtbassoc-022dd8357987d565d][0m
[0m[1mmodule.redis_enterprise.module.cluster["us-east-1"].aws_key_pair.redis: Refreshing state... [id=redis-simple-us-east-1-key][0m
[0m[1mmodule.redis_enterprise.module.cluster["us-east-1"].data.aws_ami.ubuntu[0]: Reading...[0m[0m
[0m[1mmodule.redis_enterprise.module.cluster["us-east-1"].aws_iam_role.redis: Refreshing state... [id=redis-simple-us-east-1-redis-role][0m
[0m[1mmodule.redis_enterprise.module.cluster["us-east-1"].data.aws_ami.ubuntu[0]: Read complete after 1s [id=ami-04680790a315cd58d][0m
[0m[1mmodule.redis_enterprise.module.cluster["us-east-1"].aws_iam_role_policy.redis: Refreshing state... [id=redis-simple-us-east-1-redis-role:redis-simple-us-east-1-redis-policy][0m
[0m[1mmodule.redis_enterprise.module.cluster["us-east-1"].aws_iam_instance_profile.redis: Refreshing state... [id=redis-simple-us-east-1-redis-profile][0m
[0m[1mmodule.redis_enterprise.module.cluster["us-east-1"].aws_instance.master: Refreshing state... [id=i-0cde69d1a3563427f][0m
[0m[1mmodule.redis_enterprise.module.cluster["us-east-1"].aws_instance.workers[1]: Refreshing state... [id=i-0307c67f2094e7e75][0m
[0m[1mmodule.redis_enterprise.module.cluster["us-east-1"].aws_instance.workers[0]: Refreshing state... [id=i-00fe1d543be2dfeb7][0m

Terraform used the selected providers to generate the following execution
plan. Resource actions are indicated with the following symbols:
  [31m-[0m destroy[0m

Terraform will perform the following actions:

[1m  # module.redis_enterprise.random_password.redis_admin[0][0m will be [1m[31mdestroyed[0m
[0m  [31m-[0m[0m resource "random_password" "redis_admin" {
      [31m-[0m[0m bcrypt_hash = (sensitive value) [90m-> null[0m[0m
      [31m-[0m[0m id          = "none" [90m-> null[0m[0m
      [31m-[0m[0m length      = 24 [90m-> null[0m[0m
      [31m-[0m[0m lower       = true [90m-> null[0m[0m
      [31m-[0m[0m min_lower   = 0 [90m-> null[0m[0m
      [31m-[0m[0m min_numeric = 0 [90m-> null[0m[0m
      [31m-[0m[0m min_special = 0 [90m-> null[0m[0m
      [31m-[0m[0m min_upper   = 0 [90m-> null[0m[0m
      [31m-[0m[0m number      = true [90m-> null[0m[0m
      [31m-[0m[0m numeric     = true [90m-> null[0m[0m
      [31m-[0m[0m result      = (sensitive value) [90m-> null[0m[0m
      [31m-[0m[0m special     = false [90m-> null[0m[0m
      [31m-[0m[0m upper       = true [90m-> null[0m[0m
    }

[1m  # module.redis_enterprise.tls_private_key.generated[0][0m will be [1m[31mdestroyed[0m
[0m  [31m-[0m[0m resource "tls_private_key" "generated" {
      [31m-[0m[0m algorithm                     = "RSA" [90m-> null[0m[0m
      [31m-[0m[0m ecdsa_curve                   = "P224" [90m-> null[0m[0m
      [31m-[0m[0m id                            = "39fea6ce58a6d155f7ab0a6190122dcb33c21738" [90m-> null[0m[0m
      [31m-[0m[0m private_key_openssh           = (sensitive value) [90m-> null[0m[0m
      [31m-[0m[0m private_key_pem               = (sensitive value) [90m-> null[0m[0m
      [31m-[0m[0m private_key_pem_pkcs8         = (sensitive value) [90m-> null[0m[0m
      [31m-[0m[0m public_key_fingerprint_md5    = "d5:75:ef:65:1c:5d:01:36:61:89:6b:80:33:91:53:12" [90m-> null[0m[0m
      [31m-[0m[0m public_key_fingerprint_sha256 = "SHA256:flDJT5dvbbMI+Mq/u7l9ZZdPe4G4Ad9wdNTPlJ1s130" [90m-> null[0m[0m
      [31m-[0m[0m public_key_openssh            = <<-EOT
            ssh-rsa AAAAB3NzaC1yc2EAAAADAQABAAACAQCuv2VZYht/zOaxkdzUolNYQLPB510m1EWpk5PfGtaaWVDwlHc65EMPaV27aoJ20UByvrMbN7iWXuv5u+YbNnmkmToLAk8DSw91R/gShM2wXq+mfwyXsuE5amh7s3QC/5siwPEhR94Uh4dKugDLN7Fr9xmRUz5voNrl45SL0U7BZYOt62VFgJf97+JvXHYZS5oxhE9xO3ZrcNUPSxaZnGRzCmp6fVlTGkEoNrwZguAle4hjDnEZNzGV6oWgLE3EHphWritzPvNqgdHq15DASsDCwk3wLFM8v15i8Ut/udyuKfTJWx+LxDiQmtPmNHTP5K9lLP7/Yw160v7T4optM6th5JnySD1U0EcvwGn+l60DtzsW0QbmYq+fW6Ptae7CWdQFiyvTQ77Zsdsjwerq8w3tU9umaSMiTPnsEt0hMzMjla9TAadVQgbNvS1Mn2JX+mVSQLHeHZZFhnyiYyaoB7pdXm3tektGWeNblzJ2e0XmuEFfH0732uz23iBgKxWHGtyjBewN0AyeuU+KzlqmYzl/weprnGmifqgZ60K3vf8Q1XsSWaQkJ94IIm/3TSy7G3124XvQUZ4snB379Z/vuvUzriAyndxBw1JVQrOx3bPTKLgGFyNzBDehoXcqRxndGsKbBErZzfOuFzVIgWl2G8qEPC3qGLhHtg0rNr5oxwra8Q==
        EOT [90m-> null[0m[0m
      [31m-[0m[0m public_key_pem                = <<-EOT
            -----BEGIN PUBLIC KEY-----
            MIICIjANBgkqhkiG9w0BAQEFAAOCAg8AMIICCgKCAgEArr9lWWIbf8zmsZHc1KJT
            WECzweddJtRFqZOT3xrWmllQ8JR3OuRDD2ldu2qCdtFAcr6zGze4ll7r+bvmGzZ5
            pJk6CwJPA0sPdUf4EoTNsF6vpn8Ml7LhOWpoe7N0Av+bIsDxIUfeFIeHSroAyzex
            a/cZkVM+b6Da5eOUi9FOwWWDretlRYCX/e/ib1x2GUuaMYRPcTt2a3DVD0sWmZxk
            cwpqen1ZUxpBKDa8GYLgJXuIYw5xGTcxleqFoCxNxB6YVq4rcz7zaoHR6teQwErA
            wsJN8CxTPL9eYvFLf7ncrin0yVsfi8Q4kJrT5jR0z+SvZSz+/2MNetL+0+KKbTOr
            YeSZ8kg9VNBHL8Bp/petA7c7FtEG5mKvn1uj7WnuwlnUBYsr00O+2bHbI8Hq6vMN
            7VPbpmkjIkz57BLdITMzI5WvUwGnVUIGzb0tTJ9iV/plUkCx3h2WRYZ8omMmqAe6
            XV5t7XpLRlnjW5cydntF5rhBXx9O99rs9t4gYCsVhxrcowXsDdAMnrlPis5apmM5
            f8Hqa5xpon6oGetCt73/ENV7ElmkJCfeCCJv900suxt9duF70FGeLJwd+/Wf77r1
            M64gMp3cQcNSVUKzsd2z0yi4BhcjcwQ3oaF3KkcZ3RrCmwRK2c3zrhc1SIFpdhvK
            hDwt6hi4R7YNKza+aMcK2vECAwEAAQ==
            -----END PUBLIC KEY-----
        EOT [90m-> null[0m[0m
      [31m-[0m[0m rsa_bits                      = 4096 [90m-> null[0m[0m
    }

[1m  # module.redis_enterprise.module.cluster["us-east-1"].aws_iam_instance_profile.redis[0m will be [1m[31mdestroyed[0m
[0m  [31m-[0m[0m resource "aws_iam_instance_profile" "redis" {
      [31m-[0m[0m arn         = "arn:aws:iam::735486936198:instance-profile/redis-simple-us-east-1-redis-profile" [90m-> null[0m[0m
      [31m-[0m[0m create_date = "2026-03-03T01:16:30Z" [90m-> null[0m[0m
      [31m-[0m[0m id          = "redis-simple-us-east-1-redis-profile" [90m-> null[0m[0m
      [31m-[0m[0m name        = "redis-simple-us-east-1-redis-profile" [90m-> null[0m[0m
      [31m-[0m[0m path        = "/" [90m-> null[0m[0m
      [31m-[0m[0m role        = "redis-simple-us-east-1-redis-role" [90m-> null[0m[0m
      [31m-[0m[0m tags        = {
          [31m-[0m[0m "ManagedBy" = "terraform"
          [31m-[0m[0m "Module"    = "redis-enterprise-aws"
        } [90m-> null[0m[0m
      [31m-[0m[0m tags_all    = {
          [31m-[0m[0m "ManagedBy" = "terraform"
          [31m-[0m[0m "Module"    = "redis-enterprise-aws"
        } [90m-> null[0m[0m
      [31m-[0m[0m unique_id   = "AIPA2WPTQASDBPWEHGC4X" [90m-> null[0m[0m
    }

[1m  # module.redis_enterprise.module.cluster["us-east-1"].aws_iam_role.redis[0m will be [1m[31mdestroyed[0m
[0m  [31m-[0m[0m resource "aws_iam_role" "redis" {
      [31m-[0m[0m arn                   = "arn:aws:iam::735486936198:role/redis-simple-us-east-1-redis-role" [90m-> null[0m[0m
      [31m-[0m[0m assume_role_policy    = jsonencode(
            {
              [31m-[0m[0m Statement = [
                  [31m-[0m[0m {
                      [31m-[0m[0m Action    = "sts:AssumeRole"
                      [31m-[0m[0m Effect    = "Allow"
                      [31m-[0m[0m Principal = {
                          [31m-[0m[0m Service = "ec2.amazonaws.com"
                        }
                    },
                ]
              [31m-[0m[0m Version   = "2012-10-17"
            }
        ) [90m-> null[0m[0m
      [31m-[0m[0m create_date           = "2026-03-03T01:16:29Z" [90m-> null[0m[0m
      [31m-[0m[0m force_detach_policies = false [90m-> null[0m[0m
      [31m-[0m[0m id                    = "redis-simple-us-east-1-redis-role" [90m-> null[0m[0m
      [31m-[0m[0m managed_policy_arns   = [] [90m-> null[0m[0m
      [31m-[0m[0m max_session_duration  = 3600 [90m-> null[0m[0m
      [31m-[0m[0m name                  = "redis-simple-us-east-1-redis-role" [90m-> null[0m[0m
      [31m-[0m[0m path                  = "/" [90m-> null[0m[0m
      [31m-[0m[0m tags                  = {
          [31m-[0m[0m "ManagedBy" = "terraform"
          [31m-[0m[0m "Module"    = "redis-enterprise-aws"
        } [90m-> null[0m[0m
      [31m-[0m[0m tags_all              = {
          [31m-[0m[0m "ManagedBy" = "terraform"
          [31m-[0m[0m "Module"    = "redis-enterprise-aws"
        } [90m-> null[0m[0m
      [31m-[0m[0m unique_id             = "AROA2WPTQASDKVHANHD3V" [90m-> null[0m[0m

      [31m-[0m[0m inline_policy {
          [31m-[0m[0m name   = "redis-simple-us-east-1-redis-policy" [90m-> null[0m[0m
          [31m-[0m[0m policy = jsonencode(
                {
                  [31m-[0m[0m Statement = [
                      [31m-[0m[0m {
                          [31m-[0m[0m Action   = [
                              [31m-[0m[0m "ec2:DescribeInstances",
                              [31m-[0m[0m "ec2:DescribeTags",
                              [31m-[0m[0m "logs:CreateLogGroup",
                              [31m-[0m[0m "logs:CreateLogStream",
                              [31m-[0m[0m "logs:PutLogEvents",
                              [31m-[0m[0m "cloudwatch:PutMetricData",
                            ]
                          [31m-[0m[0m Effect   = "Allow"
                          [31m-[0m[0m Resource = "*"
                        },
                    ]
                  [31m-[0m[0m Version   = "2012-10-17"
                }
            ) [90m-> null[0m[0m
        }
    }

[1m  # module.redis_enterprise.module.cluster["us-east-1"].aws_iam_role_policy.redis[0m will be [1m[31mdestroyed[0m
[0m  [31m-[0m[0m resource "aws_iam_role_policy" "redis" {
      [31m-[0m[0m id     = "redis-simple-us-east-1-redis-role:redis-simple-us-east-1-redis-policy" [90m-> null[0m[0m
      [31m-[0m[0m name   = "redis-simple-us-east-1-redis-policy" [90m-> null[0m[0m
      [31m-[0m[0m policy = jsonencode(
            {
              [31m-[0m[0m Statement = [
                  [31m-[0m[0m {
                      [31m-[0m[0m Action   = [
                          [31m-[0m[0m "ec2:DescribeInstances",
                          [31m-[0m[0m "ec2:DescribeTags",
                          [31m-[0m[0m "logs:CreateLogGroup",
                          [31m-[0m[0m "logs:CreateLogStream",
                          [31m-[0m[0m "logs:PutLogEvents",
                          [31m-[0m[0m "cloudwatch:PutMetricData",
                        ]
                      [31m-[0m[0m Effect   = "Allow"
                      [31m-[0m[0m Resource = "*"
                    },
                ]
              [31m-[0m[0m Version   = "2012-10-17"
            }
        ) [90m-> null[0m[0m
      [31m-[0m[0m role   = "redis-simple-us-east-1-redis-role" [90m-> null[0m[0m
    }

[1m  # module.redis_enterprise.module.cluster["us-east-1"].aws_instance.master[0m will be [1m[31mdestroyed[0m
[0m  [31m-[0m[0m resource "aws_instance" "master" {
      [31m-[0m[0m ami                                  = "ami-04680790a315cd58d" [90m-> null[0m[0m
      [31m-[0m[0m arn                                  = "arn:aws:ec2:us-east-1:735486936198:instance/i-0cde69d1a3563427f" [90m-> null[0m[0m
      [31m-[0m[0m associate_public_ip_address          = true [90m-> null[0m[0m
      [31m-[0m[0m availability_zone                    = "us-east-1a" [90m-> null[0m[0m
      [31m-[0m[0m disable_api_stop                     = false [90m-> null[0m[0m
      [31m-[0m[0m disable_api_termination              = false [90m-> null[0m[0m
      [31m-[0m[0m ebs_optimized                        = false [90m-> null[0m[0m
      [31m-[0m[0m force_destroy                        = false [90m-> null[0m[0m
      [31m-[0m[0m get_password_data                    = false [90m-> null[0m[0m
      [31m-[0m[0m hibernation                          = false [90m-> null[0m[0m
      [31m-[0m[0m iam_instance_profile                 = "redis-simple-us-east-1-redis-profile" [90m-> null[0m[0m
      [31m-[0m[0m id                                   = "i-0cde69d1a3563427f" [90m-> null[0m[0m
      [31m-[0m[0m instance_initiated_shutdown_behavior = "stop" [90m-> null[0m[0m
      [31m-[0m[0m instance_state                       = "running" [90m-> null[0m[0m
      [31m-[0m[0m instance_type                        = "m6i.xlarge" [90m-> null[0m[0m
      [31m-[0m[0m ipv6_address_count                   = 0 [90m-> null[0m[0m
      [31m-[0m[0m ipv6_addresses                       = [] [90m-> null[0m[0m
      [31m-[0m[0m key_name                             = "redis-simple-us-east-1-key" [90m-> null[0m[0m
      [31m-[0m[0m monitoring                           = false [90m-> null[0m[0m
      [31m-[0m[0m placement_partition_number           = 0 [90m-> null[0m[0m
      [31m-[0m[0m primary_network_interface_id         = "eni-06ab71d8128978f16" [90m-> null[0m[0m
      [31m-[0m[0m private_dns                          = "ip-10-0-1-207.ec2.internal" [90m-> null[0m[0m
      [31m-[0m[0m private_ip                           = "10.0.1.207" [90m-> null[0m[0m
      [31m-[0m[0m public_dns                           = "ec2-35-175-202-12.compute-1.amazonaws.com" [90m-> null[0m[0m
      [31m-[0m[0m public_ip                            = "35.175.202.12" [90m-> null[0m[0m
      [31m-[0m[0m region                               = "us-east-1" [90m-> null[0m[0m
      [31m-[0m[0m secondary_private_ips                = [] [90m-> null[0m[0m
      [31m-[0m[0m security_groups                      = [] [90m-> null[0m[0m
      [31m-[0m[0m source_dest_check                    = true [90m-> null[0m[0m
      [31m-[0m[0m subnet_id                            = "subnet-0f758faecc1d75054" [90m-> null[0m[0m
      [31m-[0m[0m tags                                 = {
          [31m-[0m[0m "ManagedBy" = "terraform"
          [31m-[0m[0m "Module"    = "redis-enterprise-aws"
          [31m-[0m[0m "Name"      = "redis-simple-us-east-1-node-0"
          [31m-[0m[0m "NodeIndex" = "0"
          [31m-[0m[0m "Role"      = "master"
        } [90m-> null[0m[0m
      [31m-[0m[0m tags_all                             = {
          [31m-[0m[0m "ManagedBy" = "terraform"
          [31m-[0m[0m "Module"    = "redis-enterprise-aws"
          [31m-[0m[0m "Name"      = "redis-simple-us-east-1-node-0"
          [31m-[0m[0m "NodeIndex" = "0"
          [31m-[0m[0m "Role"      = "master"
        } [90m-> null[0m[0m
      [31m-[0m[0m tenancy                              = "default" [90m-> null[0m[0m
      [31m-[0m[0m user_data                            = (sensitive value) [90m-> null[0m[0m
      [31m-[0m[0m user_data_replace_on_change          = false [90m-> null[0m[0m
      [31m-[0m[0m vpc_security_group_ids               = [
          [31m-[0m[0m "sg-0a58023fa5da6b452",
        ] [90m-> null[0m[0m

      [31m-[0m[0m capacity_reservation_specification {
          [31m-[0m[0m capacity_reservation_preference = "open" [90m-> null[0m[0m
        }

      [31m-[0m[0m cpu_options {
          [31m-[0m[0m core_count       = 2 [90m-> null[0m[0m
          [31m-[0m[0m threads_per_core = 2 [90m-> null[0m[0m
        }

      [31m-[0m[0m enclave_options {
          [31m-[0m[0m enabled = false [90m-> null[0m[0m
        }

      [31m-[0m[0m maintenance_options {
          [31m-[0m[0m auto_recovery = "default" [90m-> null[0m[0m
        }

      [31m-[0m[0m metadata_options {
          [31m-[0m[0m http_endpoint               = "enabled" [90m-> null[0m[0m
          [31m-[0m[0m http_protocol_ipv6          = "disabled" [90m-> null[0m[0m
          [31m-[0m[0m http_put_response_hop_limit = 1 [90m-> null[0m[0m
          [31m-[0m[0m http_tokens                 = "optional" [90m-> null[0m[0m
          [31m-[0m[0m instance_metadata_tags      = "disabled" [90m-> null[0m[0m
        }

      [31m-[0m[0m primary_network_interface {
          [31m-[0m[0m delete_on_termination = true [90m-> null[0m[0m
          [31m-[0m[0m network_interface_id  = "eni-06ab71d8128978f16" [90m-> null[0m[0m
        }

      [31m-[0m[0m private_dns_name_options {
          [31m-[0m[0m enable_resource_name_dns_a_record    = false [90m-> null[0m[0m
          [31m-[0m[0m enable_resource_name_dns_aaaa_record = false [90m-> null[0m[0m
          [31m-[0m[0m hostname_type                        = "ip-name" [90m-> null[0m[0m
        }

      [31m-[0m[0m root_block_device {
          [31m-[0m[0m delete_on_termination = true [90m-> null[0m[0m
          [31m-[0m[0m device_name           = "/dev/sda1" [90m-> null[0m[0m
          [31m-[0m[0m encrypted             = true [90m-> null[0m[0m
          [31m-[0m[0m iops                  = 3000 [90m-> null[0m[0m
          [31m-[0m[0m kms_key_id            = "arn:aws:kms:us-east-1:735486936198:key/7e0b81e7-5fc9-497e-bbed-2c2801c8ff78" [90m-> null[0m[0m
          [31m-[0m[0m tags                  = {
              [31m-[0m[0m "ManagedBy" = "terraform"
              [31m-[0m[0m "Module"    = "redis-enterprise-aws"
              [31m-[0m[0m "Name"      = "redis-simple-us-east-1-node-0-root"
            } [90m-> null[0m[0m
          [31m-[0m[0m tags_all              = {
              [31m-[0m[0m "ManagedBy" = "terraform"
              [31m-[0m[0m "Module"    = "redis-enterprise-aws"
              [31m-[0m[0m "Name"      = "redis-simple-us-east-1-node-0-root"
            } [90m-> null[0m[0m
          [31m-[0m[0m throughput            = 125 [90m-> null[0m[0m
          [31m-[0m[0m volume_id             = "vol-028937a0f4ba2d638" [90m-> null[0m[0m
          [31m-[0m[0m volume_size           = 50 [90m-> null[0m[0m
          [31m-[0m[0m volume_type           = "gp3" [90m-> null[0m[0m
        }
    }

[1m  # module.redis_enterprise.module.cluster["us-east-1"].aws_instance.workers[0][0m will be [1m[31mdestroyed[0m
[0m  [31m-[0m[0m resource "aws_instance" "workers" {
      [31m-[0m[0m ami                                  = "ami-04680790a315cd58d" [90m-> null[0m[0m
      [31m-[0m[0m arn                                  = "arn:aws:ec2:us-east-1:735486936198:instance/i-00fe1d543be2dfeb7" [90m-> null[0m[0m
      [31m-[0m[0m associate_public_ip_address          = true [90m-> null[0m[0m
      [31m-[0m[0m availability_zone                    = "us-east-1b" [90m-> null[0m[0m
      [31m-[0m[0m disable_api_stop                     = false [90m-> null[0m[0m
      [31m-[0m[0m disable_api_termination              = false [90m-> null[0m[0m
      [31m-[0m[0m ebs_optimized                        = false [90m-> null[0m[0m
      [31m-[0m[0m force_destroy                        = false [90m-> null[0m[0m
      [31m-[0m[0m get_password_data                    = false [90m-> null[0m[0m
      [31m-[0m[0m hibernation                          = false [90m-> null[0m[0m
      [31m-[0m[0m iam_instance_profile                 = "redis-simple-us-east-1-redis-profile" [90m-> null[0m[0m
      [31m-[0m[0m id                                   = "i-00fe1d543be2dfeb7" [90m-> null[0m[0m
      [31m-[0m[0m instance_initiated_shutdown_behavior = "stop" [90m-> null[0m[0m
      [31m-[0m[0m instance_state                       = "running" [90m-> null[0m[0m
      [31m-[0m[0m instance_type                        = "m6i.xlarge" [90m-> null[0m[0m
      [31m-[0m[0m ipv6_address_count                   = 0 [90m-> null[0m[0m
      [31m-[0m[0m ipv6_addresses                       = [] [90m-> null[0m[0m
      [31m-[0m[0m key_name                             = "redis-simple-us-east-1-key" [90m-> null[0m[0m
      [31m-[0m[0m monitoring                           = false [90m-> null[0m[0m
      [31m-[0m[0m placement_partition_number           = 0 [90m-> null[0m[0m
      [31m-[0m[0m primary_network_interface_id         = "eni-0feb82b9482987804" [90m-> null[0m[0m
      [31m-[0m[0m private_dns                          = "ip-10-0-2-207.ec2.internal" [90m-> null[0m[0m
      [31m-[0m[0m private_ip                           = "10.0.2.207" [90m-> null[0m[0m
      [31m-[0m[0m public_dns                           = "ec2-98-81-114-220.compute-1.amazonaws.com" [90m-> null[0m[0m
      [31m-[0m[0m public_ip                            = "98.81.114.220" [90m-> null[0m[0m
      [31m-[0m[0m region                               = "us-east-1" [90m-> null[0m[0m
      [31m-[0m[0m secondary_private_ips                = [] [90m-> null[0m[0m
      [31m-[0m[0m security_groups                      = [] [90m-> null[0m[0m
      [31m-[0m[0m source_dest_check                    = true [90m-> null[0m[0m
      [31m-[0m[0m subnet_id                            = "subnet-026ee6c84045c7e34" [90m-> null[0m[0m
      [31m-[0m[0m tags                                 = {
          [31m-[0m[0m "ManagedBy" = "terraform"
          [31m-[0m[0m "Module"    = "redis-enterprise-aws"
          [31m-[0m[0m "Name"      = "redis-simple-us-east-1-node-1"
          [31m-[0m[0m "NodeIndex" = "1"
          [31m-[0m[0m "Role"      = "worker"
        } [90m-> null[0m[0m
      [31m-[0m[0m tags_all                             = {
          [31m-[0m[0m "ManagedBy" = "terraform"
          [31m-[0m[0m "Module"    = "redis-enterprise-aws"
          [31m-[0m[0m "Name"      = "redis-simple-us-east-1-node-1"
          [31m-[0m[0m "NodeIndex" = "1"
          [31m-[0m[0m "Role"      = "worker"
        } [90m-> null[0m[0m
      [31m-[0m[0m tenancy                              = "default" [90m-> null[0m[0m
      [31m-[0m[0m user_data                            = (sensitive value) [90m-> null[0m[0m
      [31m-[0m[0m user_data_replace_on_change          = false [90m-> null[0m[0m
      [31m-[0m[0m vpc_security_group_ids               = [
          [31m-[0m[0m "sg-0a58023fa5da6b452",
        ] [90m-> null[0m[0m

      [31m-[0m[0m capacity_reservation_specification {
          [31m-[0m[0m capacity_reservation_preference = "open" [90m-> null[0m[0m
        }

      [31m-[0m[0m cpu_options {
          [31m-[0m[0m core_count       = 2 [90m-> null[0m[0m
          [31m-[0m[0m threads_per_core = 2 [90m-> null[0m[0m
        }

      [31m-[0m[0m enclave_options {
          [31m-[0m[0m enabled = false [90m-> null[0m[0m
        }

      [31m-[0m[0m maintenance_options {
          [31m-[0m[0m auto_recovery = "default" [90m-> null[0m[0m
        }

      [31m-[0m[0m metadata_options {
          [31m-[0m[0m http_endpoint               = "enabled" [90m-> null[0m[0m
          [31m-[0m[0m http_protocol_ipv6          = "disabled" [90m-> null[0m[0m
          [31m-[0m[0m http_put_response_hop_limit = 1 [90m-> null[0m[0m
          [31m-[0m[0m http_tokens                 = "optional" [90m-> null[0m[0m
          [31m-[0m[0m instance_metadata_tags      = "disabled" [90m-> null[0m[0m
        }

      [31m-[0m[0m primary_network_interface {
          [31m-[0m[0m delete_on_termination = true [90m-> null[0m[0m
          [31m-[0m[0m network_interface_id  = "eni-0feb82b9482987804" [90m-> null[0m[0m
        }

      [31m-[0m[0m private_dns_name_options {
          [31m-[0m[0m enable_resource_name_dns_a_record    = false [90m-> null[0m[0m
          [31m-[0m[0m enable_resource_name_dns_aaaa_record = false [90m-> null[0m[0m
          [31m-[0m[0m hostname_type                        = "ip-name" [90m-> null[0m[0m
        }

      [31m-[0m[0m root_block_device {
          [31m-[0m[0m delete_on_termination = true [90m-> null[0m[0m
          [31m-[0m[0m device_name           = "/dev/sda1" [90m-> null[0m[0m
          [31m-[0m[0m encrypted             = true [90m-> null[0m[0m
          [31m-[0m[0m iops                  = 3000 [90m-> null[0m[0m
          [31m-[0m[0m kms_key_id            = "arn:aws:kms:us-east-1:735486936198:key/7e0b81e7-5fc9-497e-bbed-2c2801c8ff78" [90m-> null[0m[0m
          [31m-[0m[0m tags                  = {
              [31m-[0m[0m "ManagedBy" = "terraform"
              [31m-[0m[0m "Module"    = "redis-enterprise-aws"
              [31m-[0m[0m "Name"      = "redis-simple-us-east-1-node-1-root"
            } [90m-> null[0m[0m
          [31m-[0m[0m tags_all              = {
              [31m-[0m[0m "ManagedBy" = "terraform"
              [31m-[0m[0m "Module"    = "redis-enterprise-aws"
              [31m-[0m[0m "Name"      = "redis-simple-us-east-1-node-1-root"
            } [90m-> null[0m[0m
          [31m-[0m[0m throughput            = 125 [90m-> null[0m[0m
          [31m-[0m[0m volume_id             = "vol-0b7db4b4fe0abaa53" [90m-> null[0m[0m
          [31m-[0m[0m volume_size           = 50 [90m-> null[0m[0m
          [31m-[0m[0m volume_type           = "gp3" [90m-> null[0m[0m
        }
    }

[1m  # module.redis_enterprise.module.cluster["us-east-1"].aws_instance.workers[1][0m will be [1m[31mdestroyed[0m
[0m  [31m-[0m[0m resource "aws_instance" "workers" {
      [31m-[0m[0m ami                                  = "ami-04680790a315cd58d" [90m-> null[0m[0m
      [31m-[0m[0m arn                                  = "arn:aws:ec2:us-east-1:735486936198:instance/i-0307c67f2094e7e75" [90m-> null[0m[0m
      [31m-[0m[0m associate_public_ip_address          = true [90m-> null[0m[0m
      [31m-[0m[0m availability_zone                    = "us-east-1c" [90m-> null[0m[0m
      [31m-[0m[0m disable_api_stop                     = false [90m-> null[0m[0m
      [31m-[0m[0m disable_api_termination              = false [90m-> null[0m[0m
      [31m-[0m[0m ebs_optimized                        = false [90m-> null[0m[0m
      [31m-[0m[0m force_destroy                        = false [90m-> null[0m[0m
      [31m-[0m[0m get_password_data                    = false [90m-> null[0m[0m
      [31m-[0m[0m hibernation                          = false [90m-> null[0m[0m
      [31m-[0m[0m iam_instance_profile                 = "redis-simple-us-east-1-redis-profile" [90m-> null[0m[0m
      [31m-[0m[0m id                                   = "i-0307c67f2094e7e75" [90m-> null[0m[0m
      [31m-[0m[0m instance_initiated_shutdown_behavior = "stop" [90m-> null[0m[0m
      [31m-[0m[0m instance_state                       = "running" [90m-> null[0m[0m
      [31m-[0m[0m instance_type                        = "m6i.xlarge" [90m-> null[0m[0m
      [31m-[0m[0m ipv6_address_count                   = 0 [90m-> null[0m[0m
      [31m-[0m[0m ipv6_addresses                       = [] [90m-> null[0m[0m
      [31m-[0m[0m key_name                             = "redis-simple-us-east-1-key" [90m-> null[0m[0m
      [31m-[0m[0m monitoring                           = false [90m-> null[0m[0m
      [31m-[0m[0m placement_partition_number           = 0 [90m-> null[0m[0m
      [31m-[0m[0m primary_network_interface_id         = "eni-0ea7f69e0f5e92d76" [90m-> null[0m[0m
      [31m-[0m[0m private_dns                          = "ip-10-0-3-135.ec2.internal" [90m-> null[0m[0m
      [31m-[0m[0m private_ip                           = "10.0.3.135" [90m-> null[0m[0m
      [31m-[0m[0m public_dns                           = "ec2-44-203-254-76.compute-1.amazonaws.com" [90m-> null[0m[0m
      [31m-[0m[0m public_ip                            = "44.203.254.76" [90m-> null[0m[0m
      [31m-[0m[0m region                               = "us-east-1" [90m-> null[0m[0m
      [31m-[0m[0m secondary_private_ips                = [] [90m-> null[0m[0m
      [31m-[0m[0m security_groups                      = [] [90m-> null[0m[0m
      [31m-[0m[0m source_dest_check                    = true [90m-> null[0m[0m
      [31m-[0m[0m subnet_id                            = "subnet-0378166623d4a75d7" [90m-> null[0m[0m
      [31m-[0m[0m tags                                 = {
          [31m-[0m[0m "ManagedBy" = "terraform"
          [31m-[0m[0m "Module"    = "redis-enterprise-aws"
          [31m-[0m[0m "Name"      = "redis-simple-us-east-1-node-2"
          [31m-[0m[0m "NodeIndex" = "2"
          [31m-[0m[0m "Role"      = "worker"
        } [90m-> null[0m[0m
      [31m-[0m[0m tags_all                             = {
          [31m-[0m[0m "ManagedBy" = "terraform"
          [31m-[0m[0m "Module"    = "redis-enterprise-aws"
          [31m-[0m[0m "Name"      = "redis-simple-us-east-1-node-2"
          [31m-[0m[0m "NodeIndex" = "2"
          [31m-[0m[0m "Role"      = "worker"
        } [90m-> null[0m[0m
      [31m-[0m[0m tenancy                              = "default" [90m-> null[0m[0m
      [31m-[0m[0m user_data                            = (sensitive value) [90m-> null[0m[0m
      [31m-[0m[0m user_data_replace_on_change          = false [90m-> null[0m[0m
      [31m-[0m[0m vpc_security_group_ids               = [
          [31m-[0m[0m "sg-0a58023fa5da6b452",
        ] [90m-> null[0m[0m

      [31m-[0m[0m capacity_reservation_specification {
          [31m-[0m[0m capacity_reservation_preference = "open" [90m-> null[0m[0m
        }

      [31m-[0m[0m cpu_options {
          [31m-[0m[0m core_count       = 2 [90m-> null[0m[0m
          [31m-[0m[0m threads_per_core = 2 [90m-> null[0m[0m
        }

      [31m-[0m[0m enclave_options {
          [31m-[0m[0m enabled = false [90m-> null[0m[0m
        }

      [31m-[0m[0m maintenance_options {
          [31m-[0m[0m auto_recovery = "default" [90m-> null[0m[0m
        }

      [31m-[0m[0m metadata_options {
          [31m-[0m[0m http_endpoint               = "enabled" [90m-> null[0m[0m
          [31m-[0m[0m http_protocol_ipv6          = "disabled" [90m-> null[0m[0m
          [31m-[0m[0m http_put_response_hop_limit = 1 [90m-> null[0m[0m
          [31m-[0m[0m http_tokens                 = "optional" [90m-> null[0m[0m
          [31m-[0m[0m instance_metadata_tags      = "disabled" [90m-> null[0m[0m
        }

      [31m-[0m[0m primary_network_interface {
          [31m-[0m[0m delete_on_termination = true [90m-> null[0m[0m
          [31m-[0m[0m network_interface_id  = "eni-0ea7f69e0f5e92d76" [90m-> null[0m[0m
        }

      [31m-[0m[0m private_dns_name_options {
          [31m-[0m[0m enable_resource_name_dns_a_record    = false [90m-> null[0m[0m
          [31m-[0m[0m enable_resource_name_dns_aaaa_record = false [90m-> null[0m[0m
          [31m-[0m[0m hostname_type                        = "ip-name" [90m-> null[0m[0m
        }

      [31m-[0m[0m root_block_device {
          [31m-[0m[0m delete_on_termination = true [90m-> null[0m[0m
          [31m-[0m[0m device_name           = "/dev/sda1" [90m-> null[0m[0m
          [31m-[0m[0m encrypted             = true [90m-> null[0m[0m
          [31m-[0m[0m iops                  = 3000 [90m-> null[0m[0m
          [31m-[0m[0m kms_key_id            = "arn:aws:kms:us-east-1:735486936198:key/7e0b81e7-5fc9-497e-bbed-2c2801c8ff78" [90m-> null[0m[0m
          [31m-[0m[0m tags                  = {
              [31m-[0m[0m "ManagedBy" = "terraform"
              [31m-[0m[0m "Module"    = "redis-enterprise-aws"
              [31m-[0m[0m "Name"      = "redis-simple-us-east-1-node-2-root"
            } [90m-> null[0m[0m
          [31m-[0m[0m tags_all              = {
              [31m-[0m[0m "ManagedBy" = "terraform"
              [31m-[0m[0m "Module"    = "redis-enterprise-aws"
              [31m-[0m[0m "Name"      = "redis-simple-us-east-1-node-2-root"
            } [90m-> null[0m[0m
          [31m-[0m[0m throughput            = 125 [90m-> null[0m[0m
          [31m-[0m[0m volume_id             = "vol-0d33f370000f6b4a3" [90m-> null[0m[0m
          [31m-[0m[0m volume_size           = 50 [90m-> null[0m[0m
          [31m-[0m[0m volume_type           = "gp3" [90m-> null[0m[0m
        }
    }

[1m  # module.redis_enterprise.module.cluster["us-east-1"].aws_key_pair.redis[0m will be [1m[31mdestroyed[0m
[0m  [31m-[0m[0m resource "aws_key_pair" "redis" {
      [31m-[0m[0m arn         = "arn:aws:ec2:us-east-1:735486936198:key-pair/redis-simple-us-east-1-key" [90m-> null[0m[0m
      [31m-[0m[0m fingerprint = "ae:87:a5:7f:e7:87:57:32:2c:43:56:0b:23:8c:da:05" [90m-> null[0m[0m
      [31m-[0m[0m id          = "redis-simple-us-east-1-key" [90m-> null[0m[0m
      [31m-[0m[0m key_name    = "redis-simple-us-east-1-key" [90m-> null[0m[0m
      [31m-[0m[0m key_pair_id = "key-0b95ec3ad9730c3e1" [90m-> null[0m[0m
      [31m-[0m[0m key_type    = "rsa" [90m-> null[0m[0m
      [31m-[0m[0m public_key  = "ssh-rsa AAAAB3NzaC1yc2EAAAADAQABAAACAQCuv2VZYht/zOaxkdzUolNYQLPB510m1EWpk5PfGtaaWVDwlHc65EMPaV27aoJ20UByvrMbN7iWXuv5u+YbNnmkmToLAk8DSw91R/gShM2wXq+mfwyXsuE5amh7s3QC/5siwPEhR94Uh4dKugDLN7Fr9xmRUz5voNrl45SL0U7BZYOt62VFgJf97+JvXHYZS5oxhE9xO3ZrcNUPSxaZnGRzCmp6fVlTGkEoNrwZguAle4hjDnEZNzGV6oWgLE3EHphWritzPvNqgdHq15DASsDCwk3wLFM8v15i8Ut/udyuKfTJWx+LxDiQmtPmNHTP5K9lLP7/Yw160v7T4optM6th5JnySD1U0EcvwGn+l60DtzsW0QbmYq+fW6Ptae7CWdQFiyvTQ77Zsdsjwerq8w3tU9umaSMiTPnsEt0hMzMjla9TAadVQgbNvS1Mn2JX+mVSQLHeHZZFhnyiYyaoB7pdXm3tektGWeNblzJ2e0XmuEFfH0732uz23iBgKxWHGtyjBewN0AyeuU+KzlqmYzl/weprnGmifqgZ60K3vf8Q1XsSWaQkJ94IIm/3TSy7G3124XvQUZ4snB379Z/vuvUzriAyndxBw1JVQrOx3bPTKLgGFyNzBDehoXcqRxndGsKbBErZzfOuFzVIgWl2G8qEPC3qGLhHtg0rNr5oxwra8Q==" [90m-> null[0m[0m
      [31m-[0m[0m region      = "us-east-1" [90m-> null[0m[0m
      [31m-[0m[0m tags        = {
          [31m-[0m[0m "ManagedBy" = "terraform"
          [31m-[0m[0m "Module"    = "redis-enterprise-aws"
        } [90m-> null[0m[0m
      [31m-[0m[0m tags_all    = {
          [31m-[0m[0m "ManagedBy" = "terraform"
          [31m-[0m[0m "Module"    = "redis-enterprise-aws"
        } [90m-> null[0m[0m
    }

[1m  # module.redis_enterprise.module.network["us-east-1"].aws_internet_gateway.main[0m will be [1m[31mdestroyed[0m
[0m  [31m-[0m[0m resource "aws_internet_gateway" "main" {
      [31m-[0m[0m arn      = "arn:aws:ec2:us-east-1:735486936198:internet-gateway/igw-02b60c0573cdab800" [90m-> null[0m[0m
      [31m-[0m[0m id       = "igw-02b60c0573cdab800" [90m-> null[0m[0m
      [31m-[0m[0m owner_id = "735486936198" [90m-> null[0m[0m
      [31m-[0m[0m region   = "us-east-1" [90m-> null[0m[0m
      [31m-[0m[0m tags     = {
          [31m-[0m[0m "ManagedBy" = "terraform"
          [31m-[0m[0m "Module"    = "redis-enterprise-aws"
          [31m-[0m[0m "Name"      = "redis-simple-us-east-1-igw"
        } [90m-> null[0m[0m
      [31m-[0m[0m tags_all = {
          [31m-[0m[0m "ManagedBy" = "terraform"
          [31m-[0m[0m "Module"    = "redis-enterprise-aws"
          [31m-[0m[0m "Name"      = "redis-simple-us-east-1-igw"
        } [90m-> null[0m[0m
      [31m-[0m[0m vpc_id   = "vpc-0d43c31bdd130d61c" [90m-> null[0m[0m
    }

[1m  # module.redis_enterprise.module.network["us-east-1"].aws_route_table.public[0m will be [1m[31mdestroyed[0m
[0m  [31m-[0m[0m resource "aws_route_table" "public" {
      [31m-[0m[0m arn              = "arn:aws:ec2:us-east-1:735486936198:route-table/rtb-0c0e6c83d1e989d1e" [90m-> null[0m[0m
      [31m-[0m[0m id               = "rtb-0c0e6c83d1e989d1e" [90m-> null[0m[0m
      [31m-[0m[0m owner_id         = "735486936198" [90m-> null[0m[0m
      [31m-[0m[0m propagating_vgws = [] [90m-> null[0m[0m
      [31m-[0m[0m region           = "us-east-1" [90m-> null[0m[0m
      [31m-[0m[0m route            = [
          [31m-[0m[0m {
              [31m-[0m[0m carrier_gateway_id         = ""
              [31m-[0m[0m cidr_block                 = "0.0.0.0/0"
              [31m-[0m[0m core_network_arn           = ""
              [31m-[0m[0m destination_prefix_list_id = ""
              [31m-[0m[0m egress_only_gateway_id     = ""
              [31m-[0m[0m gateway_id                 = "igw-02b60c0573cdab800"
              [31m-[0m[0m ipv6_cidr_block            = ""
              [31m-[0m[0m local_gateway_id           = ""
              [31m-[0m[0m nat_gateway_id             = ""
              [31m-[0m[0m network_interface_id       = ""
              [31m-[0m[0m transit_gateway_id         = ""
              [31m-[0m[0m vpc_endpoint_id            = ""
              [31m-[0m[0m vpc_peering_connection_id  = ""
            },
        ] [90m-> null[0m[0m
      [31m-[0m[0m tags             = {
          [31m-[0m[0m "ManagedBy" = "terraform"
          [31m-[0m[0m "Module"    = "redis-enterprise-aws"
          [31m-[0m[0m "Name"      = "redis-simple-us-east-1-public-rt"
        } [90m-> null[0m[0m
      [31m-[0m[0m tags_all         = {
          [31m-[0m[0m "ManagedBy" = "terraform"
          [31m-[0m[0m "Module"    = "redis-enterprise-aws"
          [31m-[0m[0m "Name"      = "redis-simple-us-east-1-public-rt"
        } [90m-> null[0m[0m
      [31m-[0m[0m vpc_id           = "vpc-0d43c31bdd130d61c" [90m-> null[0m[0m
    }

[1m  # module.redis_enterprise.module.network["us-east-1"].aws_route_table_association.bastion[0][0m will be [1m[31mdestroyed[0m
[0m  [31m-[0m[0m resource "aws_route_table_association" "bastion" {
      [31m-[0m[0m id             = "rtbassoc-0a6cf62a7dcba6507" [90m-> null[0m[0m
      [31m-[0m[0m region         = "us-east-1" [90m-> null[0m[0m
      [31m-[0m[0m route_table_id = "rtb-0c0e6c83d1e989d1e" [90m-> null[0m[0m
      [31m-[0m[0m subnet_id      = "subnet-0106630a5ec8d1ad3" [90m-> null[0m[0m
    }

[1m  # module.redis_enterprise.module.network["us-east-1"].aws_route_table_association.public["us-east-1a"][0m will be [1m[31mdestroyed[0m
[0m  [31m-[0m[0m resource "aws_route_table_association" "public" {
      [31m-[0m[0m id             = "rtbassoc-0d93b972e051930fd" [90m-> null[0m[0m
      [31m-[0m[0m region         = "us-east-1" [90m-> null[0m[0m
      [31m-[0m[0m route_table_id = "rtb-0c0e6c83d1e989d1e" [90m-> null[0m[0m
      [31m-[0m[0m subnet_id      = "subnet-0f758faecc1d75054" [90m-> null[0m[0m
    }

[1m  # module.redis_enterprise.module.network["us-east-1"].aws_route_table_association.public["us-east-1b"][0m will be [1m[31mdestroyed[0m
[0m  [31m-[0m[0m resource "aws_route_table_association" "public" {
      [31m-[0m[0m id             = "rtbassoc-022dd8357987d565d" [90m-> null[0m[0m
      [31m-[0m[0m region         = "us-east-1" [90m-> null[0m[0m
      [31m-[0m[0m route_table_id = "rtb-0c0e6c83d1e989d1e" [90m-> null[0m[0m
      [31m-[0m[0m subnet_id      = "subnet-026ee6c84045c7e34" [90m-> null[0m[0m
    }

[1m  # module.redis_enterprise.module.network["us-east-1"].aws_route_table_association.public["us-east-1c"][0m will be [1m[31mdestroyed[0m
[0m  [31m-[0m[0m resource "aws_route_table_association" "public" {
      [31m-[0m[0m id             = "rtbassoc-05d27e5f3652d4ff6" [90m-> null[0m[0m
      [31m-[0m[0m region         = "us-east-1" [90m-> null[0m[0m
      [31m-[0m[0m route_table_id = "rtb-0c0e6c83d1e989d1e" [90m-> null[0m[0m
      [31m-[0m[0m subnet_id      = "subnet-0378166623d4a75d7" [90m-> null[0m[0m
    }

[1m  # module.redis_enterprise.module.network["us-east-1"].aws_security_group.redis[0m will be [1m[31mdestroyed[0m
[0m  [31m-[0m[0m resource "aws_security_group" "redis" {
      [31m-[0m[0m arn                    = "arn:aws:ec2:us-east-1:735486936198:security-group/sg-0a58023fa5da6b452" [90m-> null[0m[0m
      [31m-[0m[0m description            = "Security group for Redis Enterprise cluster" [90m-> null[0m[0m
      [31m-[0m[0m egress                 = [
          [31m-[0m[0m {
              [31m-[0m[0m cidr_blocks      = [
                  [31m-[0m[0m "0.0.0.0/0",
                ]
              [31m-[0m[0m description      = "Allow all outbound traffic"
              [31m-[0m[0m from_port        = 0
              [31m-[0m[0m ipv6_cidr_blocks = []
              [31m-[0m[0m prefix_list_ids  = []
              [31m-[0m[0m protocol         = "-1"
              [31m-[0m[0m security_groups  = []
              [31m-[0m[0m self             = false
              [31m-[0m[0m to_port          = 0
            },
        ] [90m-> null[0m[0m
      [31m-[0m[0m id                     = "sg-0a58023fa5da6b452" [90m-> null[0m[0m
      [31m-[0m[0m ingress                = [
          [31m-[0m[0m {
              [31m-[0m[0m cidr_blocks      = [
                  [31m-[0m[0m "0.0.0.0/0",
                ]
              [31m-[0m[0m description      = "Database ports"
              [31m-[0m[0m from_port        = 10000
              [31m-[0m[0m ipv6_cidr_blocks = []
              [31m-[0m[0m prefix_list_ids  = []
              [31m-[0m[0m protocol         = "tcp"
              [31m-[0m[0m security_groups  = []
              [31m-[0m[0m self             = false
              [31m-[0m[0m to_port          = 19999
            },
          [31m-[0m[0m {
              [31m-[0m[0m cidr_blocks      = [
                  [31m-[0m[0m "0.0.0.0/0",
                ]
              [31m-[0m[0m description      = "Discovery service"
              [31m-[0m[0m from_port        = 8001
              [31m-[0m[0m ipv6_cidr_blocks = []
              [31m-[0m[0m prefix_list_ids  = []
              [31m-[0m[0m protocol         = "tcp"
              [31m-[0m[0m security_groups  = []
              [31m-[0m[0m self             = false
              [31m-[0m[0m to_port          = 8001
            },
          [31m-[0m[0m {
              [31m-[0m[0m cidr_blocks      = [
                  [31m-[0m[0m "0.0.0.0/0",
                ]
              [31m-[0m[0m description      = "Metrics endpoints"
              [31m-[0m[0m from_port        = 8070
              [31m-[0m[0m ipv6_cidr_blocks = []
              [31m-[0m[0m prefix_list_ids  = []
              [31m-[0m[0m protocol         = "tcp"
              [31m-[0m[0m security_groups  = []
              [31m-[0m[0m self             = false
              [31m-[0m[0m to_port          = 8071
            },
          [31m-[0m[0m {
              [31m-[0m[0m cidr_blocks      = [
                  [31m-[0m[0m "0.0.0.0/0",
                ]
              [31m-[0m[0m description      = "Redis Enterprise Admin UI"
              [31m-[0m[0m from_port        = 8443
              [31m-[0m[0m ipv6_cidr_blocks = []
              [31m-[0m[0m prefix_list_ids  = []
              [31m-[0m[0m protocol         = "tcp"
              [31m-[0m[0m security_groups  = []
              [31m-[0m[0m self             = false
              [31m-[0m[0m to_port          = 8443
            },
          [31m-[0m[0m {
              [31m-[0m[0m cidr_blocks      = [
                  [31m-[0m[0m "0.0.0.0/0",
                ]
              [31m-[0m[0m description      = "Redis Enterprise REST API"
              [31m-[0m[0m from_port        = 9443
              [31m-[0m[0m ipv6_cidr_blocks = []
              [31m-[0m[0m prefix_list_ids  = []
              [31m-[0m[0m protocol         = "tcp"
              [31m-[0m[0m security_groups  = []
              [31m-[0m[0m self             = false
              [31m-[0m[0m to_port          = 9443
            },
          [31m-[0m[0m {
              [31m-[0m[0m cidr_blocks      = [
                  [31m-[0m[0m "0.0.0.0/0",
                ]
              [31m-[0m[0m description      = "SSH access"
              [31m-[0m[0m from_port        = 22
              [31m-[0m[0m ipv6_cidr_blocks = []
              [31m-[0m[0m prefix_list_ids  = []
              [31m-[0m[0m protocol         = "tcp"
              [31m-[0m[0m security_groups  = []
              [31m-[0m[0m self             = false
              [31m-[0m[0m to_port          = 22
            },
          [31m-[0m[0m {
              [31m-[0m[0m cidr_blocks      = []
              [31m-[0m[0m description      = "Allow all internal cluster traffic"
              [31m-[0m[0m from_port        = 0
              [31m-[0m[0m ipv6_cidr_blocks = []
              [31m-[0m[0m prefix_list_ids  = []
              [31m-[0m[0m protocol         = "-1"
              [31m-[0m[0m security_groups  = []
              [31m-[0m[0m self             = true
              [31m-[0m[0m to_port          = 0
            },
        ] [90m-> null[0m[0m
      [31m-[0m[0m name                   = "redis-simple-us-east-1-redis-sg" [90m-> null[0m[0m
      [31m-[0m[0m owner_id               = "735486936198" [90m-> null[0m[0m
      [31m-[0m[0m region                 = "us-east-1" [90m-> null[0m[0m
      [31m-[0m[0m revoke_rules_on_delete = false [90m-> null[0m[0m
      [31m-[0m[0m tags                   = {
          [31m-[0m[0m "ManagedBy" = "terraform"
          [31m-[0m[0m "Module"    = "redis-enterprise-aws"
          [31m-[0m[0m "Name"      = "redis-simple-us-east-1-redis-sg"
        } [90m-> null[0m[0m
      [31m-[0m[0m tags_all               = {
          [31m-[0m[0m "ManagedBy" = "terraform"
          [31m-[0m[0m "Module"    = "redis-enterprise-aws"
          [31m-[0m[0m "Name"      = "redis-simple-us-east-1-redis-sg"
        } [90m-> null[0m[0m
      [31m-[0m[0m vpc_id                 = "vpc-0d43c31bdd130d61c" [90m-> null[0m[0m
    }

[1m  # module.redis_enterprise.module.network["us-east-1"].aws_security_group_rule.admin_ui[0m will be [1m[31mdestroyed[0m
[0m  [31m-[0m[0m resource "aws_security_group_rule" "admin_ui" {
      [31m-[0m[0m cidr_blocks            = [
          [31m-[0m[0m "0.0.0.0/0",
        ] [90m-> null[0m[0m
      [31m-[0m[0m description            = "Redis Enterprise Admin UI" [90m-> null[0m[0m
      [31m-[0m[0m from_port              = 8443 [90m-> null[0m[0m
      [31m-[0m[0m id                     = "sgrule-3016074521" [90m-> null[0m[0m
      [31m-[0m[0m protocol               = "tcp" [90m-> null[0m[0m
      [31m-[0m[0m region                 = "us-east-1" [90m-> null[0m[0m
      [31m-[0m[0m security_group_id      = "sg-0a58023fa5da6b452" [90m-> null[0m[0m
      [31m-[0m[0m security_group_rule_id = "sgr-04827ca814ca3324d" [90m-> null[0m[0m
      [31m-[0m[0m self                   = false [90m-> null[0m[0m
      [31m-[0m[0m to_port                = 8443 [90m-> null[0m[0m
      [31m-[0m[0m type                   = "ingress" [90m-> null[0m[0m
    }

[1m  # module.redis_enterprise.module.network["us-east-1"].aws_security_group_rule.database[0m will be [1m[31mdestroyed[0m
[0m  [31m-[0m[0m resource "aws_security_group_rule" "database" {
      [31m-[0m[0m cidr_blocks            = [
          [31m-[0m[0m "0.0.0.0/0",
        ] [90m-> null[0m[0m
      [31m-[0m[0m description            = "Database ports" [90m-> null[0m[0m
      [31m-[0m[0m from_port              = 10000 [90m-> null[0m[0m
      [31m-[0m[0m id                     = "sgrule-3413184527" [90m-> null[0m[0m
      [31m-[0m[0m protocol               = "tcp" [90m-> null[0m[0m
      [31m-[0m[0m region                 = "us-east-1" [90m-> null[0m[0m
      [31m-[0m[0m security_group_id      = "sg-0a58023fa5da6b452" [90m-> null[0m[0m
      [31m-[0m[0m security_group_rule_id = "sgr-08d3f3b9246c5fb14" [90m-> null[0m[0m
      [31m-[0m[0m self                   = false [90m-> null[0m[0m
      [31m-[0m[0m to_port                = 19999 [90m-> null[0m[0m
      [31m-[0m[0m type                   = "ingress" [90m-> null[0m[0m
    }

[1m  # module.redis_enterprise.module.network["us-east-1"].aws_security_group_rule.discovery[0m will be [1m[31mdestroyed[0m
[0m  [31m-[0m[0m resource "aws_security_group_rule" "discovery" {
      [31m-[0m[0m cidr_blocks            = [
          [31m-[0m[0m "0.0.0.0/0",
        ] [90m-> null[0m[0m
      [31m-[0m[0m description            = "Discovery service" [90m-> null[0m[0m
      [31m-[0m[0m from_port              = 8001 [90m-> null[0m[0m
      [31m-[0m[0m id                     = "sgrule-3083085855" [90m-> null[0m[0m
      [31m-[0m[0m protocol               = "tcp" [90m-> null[0m[0m
      [31m-[0m[0m region                 = "us-east-1" [90m-> null[0m[0m
      [31m-[0m[0m security_group_id      = "sg-0a58023fa5da6b452" [90m-> null[0m[0m
      [31m-[0m[0m security_group_rule_id = "sgr-004e0073bb6c328ec" [90m-> null[0m[0m
      [31m-[0m[0m self                   = false [90m-> null[0m[0m
      [31m-[0m[0m to_port                = 8001 [90m-> null[0m[0m
      [31m-[0m[0m type                   = "ingress" [90m-> null[0m[0m
    }

[1m  # module.redis_enterprise.module.network["us-east-1"].aws_security_group_rule.egress[0m will be [1m[31mdestroyed[0m
[0m  [31m-[0m[0m resource "aws_security_group_rule" "egress" {
      [31m-[0m[0m cidr_blocks            = [
          [31m-[0m[0m "0.0.0.0/0",
        ] [90m-> null[0m[0m
      [31m-[0m[0m description            = "Allow all outbound traffic" [90m-> null[0m[0m
      [31m-[0m[0m from_port              = 0 [90m-> null[0m[0m
      [31m-[0m[0m id                     = "sgrule-3407993035" [90m-> null[0m[0m
      [31m-[0m[0m protocol               = "-1" [90m-> null[0m[0m
      [31m-[0m[0m region                 = "us-east-1" [90m-> null[0m[0m
      [31m-[0m[0m security_group_id      = "sg-0a58023fa5da6b452" [90m-> null[0m[0m
      [31m-[0m[0m security_group_rule_id = "sgr-0d02171d3dcdce396" [90m-> null[0m[0m
      [31m-[0m[0m self                   = false [90m-> null[0m[0m
      [31m-[0m[0m to_port                = 0 [90m-> null[0m[0m
      [31m-[0m[0m type                   = "egress" [90m-> null[0m[0m
    }

[1m  # module.redis_enterprise.module.network["us-east-1"].aws_security_group_rule.internal[0m will be [1m[31mdestroyed[0m
[0m  [31m-[0m[0m resource "aws_security_group_rule" "internal" {
      [31m-[0m[0m description            = "Allow all internal cluster traffic" [90m-> null[0m[0m
      [31m-[0m[0m from_port              = 0 [90m-> null[0m[0m
      [31m-[0m[0m id                     = "sgrule-2469760565" [90m-> null[0m[0m
      [31m-[0m[0m protocol               = "-1" [90m-> null[0m[0m
      [31m-[0m[0m region                 = "us-east-1" [90m-> null[0m[0m
      [31m-[0m[0m security_group_id      = "sg-0a58023fa5da6b452" [90m-> null[0m[0m
      [31m-[0m[0m security_group_rule_id = "sgr-0340ee00117e7de4b" [90m-> null[0m[0m
      [31m-[0m[0m self                   = true [90m-> null[0m[0m
      [31m-[0m[0m to_port                = 0 [90m-> null[0m[0m
      [31m-[0m[0m type                   = "ingress" [90m-> null[0m[0m
    }

[1m  # module.redis_enterprise.module.network["us-east-1"].aws_security_group_rule.metrics[0m will be [1m[31mdestroyed[0m
[0m  [31m-[0m[0m resource "aws_security_group_rule" "metrics" {
      [31m-[0m[0m cidr_blocks            = [
          [31m-[0m[0m "0.0.0.0/0",
        ] [90m-> null[0m[0m
      [31m-[0m[0m description            = "Metrics endpoints" [90m-> null[0m[0m
      [31m-[0m[0m from_port              = 8070 [90m-> null[0m[0m
      [31m-[0m[0m id                     = "sgrule-2947654827" [90m-> null[0m[0m
      [31m-[0m[0m protocol               = "tcp" [90m-> null[0m[0m
      [31m-[0m[0m region                 = "us-east-1" [90m-> null[0m[0m
      [31m-[0m[0m security_group_id      = "sg-0a58023fa5da6b452" [90m-> null[0m[0m
      [31m-[0m[0m security_group_rule_id = "sgr-0ac8d5b6866531235" [90m-> null[0m[0m
      [31m-[0m[0m self                   = false [90m-> null[0m[0m
      [31m-[0m[0m to_port                = 8071 [90m-> null[0m[0m
      [31m-[0m[0m type                   = "ingress" [90m-> null[0m[0m
    }

[1m  # module.redis_enterprise.module.network["us-east-1"].aws_security_group_rule.rest_api[0m will be [1m[31mdestroyed[0m
[0m  [31m-[0m[0m resource "aws_security_group_rule" "rest_api" {
      [31m-[0m[0m cidr_blocks            = [
          [31m-[0m[0m "0.0.0.0/0",
        ] [90m-> null[0m[0m
      [31m-[0m[0m description            = "Redis Enterprise REST API" [90m-> null[0m[0m
      [31m-[0m[0m from_port              = 9443 [90m-> null[0m[0m
      [31m-[0m[0m id                     = "sgrule-747879410" [90m-> null[0m[0m
      [31m-[0m[0m protocol               = "tcp" [90m-> null[0m[0m
      [31m-[0m[0m region                 = "us-east-1" [90m-> null[0m[0m
      [31m-[0m[0m security_group_id      = "sg-0a58023fa5da6b452" [90m-> null[0m[0m
      [31m-[0m[0m security_group_rule_id = "sgr-099f41dea0f8e1dd0" [90m-> null[0m[0m
      [31m-[0m[0m self                   = false [90m-> null[0m[0m
      [31m-[0m[0m to_port                = 9443 [90m-> null[0m[0m
      [31m-[0m[0m type                   = "ingress" [90m-> null[0m[0m
    }

[1m  # module.redis_enterprise.module.network["us-east-1"].aws_security_group_rule.ssh[0m will be [1m[31mdestroyed[0m
[0m  [31m-[0m[0m resource "aws_security_group_rule" "ssh" {
      [31m-[0m[0m cidr_blocks            = [
          [31m-[0m[0m "0.0.0.0/0",
        ] [90m-> null[0m[0m
      [31m-[0m[0m description            = "SSH access" [90m-> null[0m[0m
      [31m-[0m[0m from_port              = 22 [90m-> null[0m[0m
      [31m-[0m[0m id                     = "sgrule-2694578324" [90m-> null[0m[0m
      [31m-[0m[0m protocol               = "tcp" [90m-> null[0m[0m
      [31m-[0m[0m region                 = "us-east-1" [90m-> null[0m[0m
      [31m-[0m[0m security_group_id      = "sg-0a58023fa5da6b452" [90m-> null[0m[0m
      [31m-[0m[0m security_group_rule_id = "sgr-08d68e4e296b2d36b" [90m-> null[0m[0m
      [31m-[0m[0m self                   = false [90m-> null[0m[0m
      [31m-[0m[0m to_port                = 22 [90m-> null[0m[0m
      [31m-[0m[0m type                   = "ingress" [90m-> null[0m[0m
    }

[1m  # module.redis_enterprise.module.network["us-east-1"].aws_subnet.bastion[0][0m will be [1m[31mdestroyed[0m
[0m  [31m-[0m[0m resource "aws_subnet" "bastion" {
      [31m-[0m[0m arn                                            = "arn:aws:ec2:us-east-1:735486936198:subnet/subnet-0106630a5ec8d1ad3" [90m-> null[0m[0m
      [31m-[0m[0m assign_ipv6_address_on_creation                = false [90m-> null[0m[0m
      [31m-[0m[0m availability_zone                              = "us-east-1a" [90m-> null[0m[0m
      [31m-[0m[0m availability_zone_id                           = "use1-az6" [90m-> null[0m[0m
      [31m-[0m[0m cidr_block                                     = "10.0.100.0/24" [90m-> null[0m[0m
      [31m-[0m[0m enable_dns64                                   = false [90m-> null[0m[0m
      [31m-[0m[0m enable_lni_at_device_index                     = 0 [90m-> null[0m[0m
      [31m-[0m[0m enable_resource_name_dns_a_record_on_launch    = false [90m-> null[0m[0m
      [31m-[0m[0m enable_resource_name_dns_aaaa_record_on_launch = false [90m-> null[0m[0m
      [31m-[0m[0m id                                             = "subnet-0106630a5ec8d1ad3" [90m-> null[0m[0m
      [31m-[0m[0m ipv6_native                                    = false [90m-> null[0m[0m
      [31m-[0m[0m map_customer_owned_ip_on_launch                = false [90m-> null[0m[0m
      [31m-[0m[0m map_public_ip_on_launch                        = true [90m-> null[0m[0m
      [31m-[0m[0m owner_id                                       = "735486936198" [90m-> null[0m[0m
      [31m-[0m[0m private_dns_hostname_type_on_launch            = "ip-name" [90m-> null[0m[0m
      [31m-[0m[0m region                                         = "us-east-1" [90m-> null[0m[0m
      [31m-[0m[0m tags                                           = {
          [31m-[0m[0m "ManagedBy" = "terraform"
          [31m-[0m[0m "Module"    = "redis-enterprise-aws"
          [31m-[0m[0m "Name"      = "redis-simple-us-east-1-bastion"
          [31m-[0m[0m "Type"      = "bastion"
        } [90m-> null[0m[0m
      [31m-[0m[0m tags_all                                       = {
          [31m-[0m[0m "ManagedBy" = "terraform"
          [31m-[0m[0m "Module"    = "redis-enterprise-aws"
          [31m-[0m[0m "Name"      = "redis-simple-us-east-1-bastion"
          [31m-[0m[0m "Type"      = "bastion"
        } [90m-> null[0m[0m
      [31m-[0m[0m vpc_id                                         = "vpc-0d43c31bdd130d61c" [90m-> null[0m[0m
    }

[1m  # module.redis_enterprise.module.network["us-east-1"].aws_subnet.public["us-east-1a"][0m will be [1m[31mdestroyed[0m
[0m  [31m-[0m[0m resource "aws_subnet" "public" {
      [31m-[0m[0m arn                                            = "arn:aws:ec2:us-east-1:735486936198:subnet/subnet-0f758faecc1d75054" [90m-> null[0m[0m
      [31m-[0m[0m assign_ipv6_address_on_creation                = false [90m-> null[0m[0m
      [31m-[0m[0m availability_zone                              = "us-east-1a" [90m-> null[0m[0m
      [31m-[0m[0m availability_zone_id                           = "use1-az6" [90m-> null[0m[0m
      [31m-[0m[0m cidr_block                                     = "10.0.1.0/24" [90m-> null[0m[0m
      [31m-[0m[0m enable_dns64                                   = false [90m-> null[0m[0m
      [31m-[0m[0m enable_lni_at_device_index                     = 0 [90m-> null[0m[0m
      [31m-[0m[0m enable_resource_name_dns_a_record_on_launch    = false [90m-> null[0m[0m
      [31m-[0m[0m enable_resource_name_dns_aaaa_record_on_launch = false [90m-> null[0m[0m
      [31m-[0m[0m id                                             = "subnet-0f758faecc1d75054" [90m-> null[0m[0m
      [31m-[0m[0m ipv6_native                                    = false [90m-> null[0m[0m
      [31m-[0m[0m map_customer_owned_ip_on_launch                = false [90m-> null[0m[0m
      [31m-[0m[0m map_public_ip_on_launch                        = true [90m-> null[0m[0m
      [31m-[0m[0m owner_id                                       = "735486936198" [90m-> null[0m[0m
      [31m-[0m[0m private_dns_hostname_type_on_launch            = "ip-name" [90m-> null[0m[0m
      [31m-[0m[0m region                                         = "us-east-1" [90m-> null[0m[0m
      [31m-[0m[0m tags                                           = {
          [31m-[0m[0m "ManagedBy" = "terraform"
          [31m-[0m[0m "Module"    = "redis-enterprise-aws"
          [31m-[0m[0m "Name"      = "redis-simple-us-east-1-public-us-east-1a"
          [31m-[0m[0m "Type"      = "public"
        } [90m-> null[0m[0m
      [31m-[0m[0m tags_all                                       = {
          [31m-[0m[0m "ManagedBy" = "terraform"
          [31m-[0m[0m "Module"    = "redis-enterprise-aws"
          [31m-[0m[0m "Name"      = "redis-simple-us-east-1-public-us-east-1a"
          [31m-[0m[0m "Type"      = "public"
        } [90m-> null[0m[0m
      [31m-[0m[0m vpc_id                                         = "vpc-0d43c31bdd130d61c" [90m-> null[0m[0m
    }

[1m  # module.redis_enterprise.module.network["us-east-1"].aws_subnet.public["us-east-1b"][0m will be [1m[31mdestroyed[0m
[0m  [31m-[0m[0m resource "aws_subnet" "public" {
      [31m-[0m[0m arn                                            = "arn:aws:ec2:us-east-1:735486936198:subnet/subnet-026ee6c84045c7e34" [90m-> null[0m[0m
      [31m-[0m[0m assign_ipv6_address_on_creation                = false [90m-> null[0m[0m
      [31m-[0m[0m availability_zone                              = "us-east-1b" [90m-> null[0m[0m
      [31m-[0m[0m availability_zone_id                           = "use1-az1" [90m-> null[0m[0m
      [31m-[0m[0m cidr_block                                     = "10.0.2.0/24" [90m-> null[0m[0m
      [31m-[0m[0m enable_dns64                                   = false [90m-> null[0m[0m
      [31m-[0m[0m enable_lni_at_device_index                     = 0 [90m-> null[0m[0m
      [31m-[0m[0m enable_resource_name_dns_a_record_on_launch    = false [90m-> null[0m[0m
      [31m-[0m[0m enable_resource_name_dns_aaaa_record_on_launch = false [90m-> null[0m[0m
      [31m-[0m[0m id                                             = "subnet-026ee6c84045c7e34" [90m-> null[0m[0m
      [31m-[0m[0m ipv6_native                                    = false [90m-> null[0m[0m
      [31m-[0m[0m map_customer_owned_ip_on_launch                = false [90m-> null[0m[0m
      [31m-[0m[0m map_public_ip_on_launch                        = true [90m-> null[0m[0m
      [31m-[0m[0m owner_id                                       = "735486936198" [90m-> null[0m[0m
      [31m-[0m[0m private_dns_hostname_type_on_launch            = "ip-name" [90m-> null[0m[0m
      [31m-[0m[0m region                                         = "us-east-1" [90m-> null[0m[0m
      [31m-[0m[0m tags                                           = {
          [31m-[0m[0m "ManagedBy" = "terraform"
          [31m-[0m[0m "Module"    = "redis-enterprise-aws"
          [31m-[0m[0m "Name"      = "redis-simple-us-east-1-public-us-east-1b"
          [31m-[0m[0m "Type"      = "public"
        } [90m-> null[0m[0m
      [31m-[0m[0m tags_all                                       = {
          [31m-[0m[0m "ManagedBy" = "terraform"
          [31m-[0m[0m "Module"    = "redis-enterprise-aws"
          [31m-[0m[0m "Name"      = "redis-simple-us-east-1-public-us-east-1b"
          [31m-[0m[0m "Type"      = "public"
        } [90m-> null[0m[0m
      [31m-[0m[0m vpc_id                                         = "vpc-0d43c31bdd130d61c" [90m-> null[0m[0m
    }

[1m  # module.redis_enterprise.module.network["us-east-1"].aws_subnet.public["us-east-1c"][0m will be [1m[31mdestroyed[0m
[0m  [31m-[0m[0m resource "aws_subnet" "public" {
      [31m-[0m[0m arn                                            = "arn:aws:ec2:us-east-1:735486936198:subnet/subnet-0378166623d4a75d7" [90m-> null[0m[0m
      [31m-[0m[0m assign_ipv6_address_on_creation                = false [90m-> null[0m[0m
      [31m-[0m[0m availability_zone                              = "us-east-1c" [90m-> null[0m[0m
      [31m-[0m[0m availability_zone_id                           = "use1-az2" [90m-> null[0m[0m
      [31m-[0m[0m cidr_block                                     = "10.0.3.0/24" [90m-> null[0m[0m
      [31m-[0m[0m enable_dns64                                   = false [90m-> null[0m[0m
      [31m-[0m[0m enable_lni_at_device_index                     = 0 [90m-> null[0m[0m
      [31m-[0m[0m enable_resource_name_dns_a_record_on_launch    = false [90m-> null[0m[0m
      [31m-[0m[0m enable_resource_name_dns_aaaa_record_on_launch = false [90m-> null[0m[0m
      [31m-[0m[0m id                                             = "subnet-0378166623d4a75d7" [90m-> null[0m[0m
      [31m-[0m[0m ipv6_native                                    = false [90m-> null[0m[0m
      [31m-[0m[0m map_customer_owned_ip_on_launch                = false [90m-> null[0m[0m
      [31m-[0m[0m map_public_ip_on_launch                        = true [90m-> null[0m[0m
      [31m-[0m[0m owner_id                                       = "735486936198" [90m-> null[0m[0m
      [31m-[0m[0m private_dns_hostname_type_on_launch            = "ip-name" [90m-> null[0m[0m
      [31m-[0m[0m region                                         = "us-east-1" [90m-> null[0m[0m
      [31m-[0m[0m tags                                           = {
          [31m-[0m[0m "ManagedBy" = "terraform"
          [31m-[0m[0m "Module"    = "redis-enterprise-aws"
          [31m-[0m[0m "Name"      = "redis-simple-us-east-1-public-us-east-1c"
          [31m-[0m[0m "Type"      = "public"
        } [90m-> null[0m[0m
      [31m-[0m[0m tags_all                                       = {
          [31m-[0m[0m "ManagedBy" = "terraform"
          [31m-[0m[0m "Module"    = "redis-enterprise-aws"
          [31m-[0m[0m "Name"      = "redis-simple-us-east-1-public-us-east-1c"
          [31m-[0m[0m "Type"      = "public"
        } [90m-> null[0m[0m
      [31m-[0m[0m vpc_id                                         = "vpc-0d43c31bdd130d61c" [90m-> null[0m[0m
    }

[1m  # module.redis_enterprise.module.network["us-east-1"].aws_vpc.main[0m will be [1m[31mdestroyed[0m
[0m  [31m-[0m[0m resource "aws_vpc" "main" {
      [31m-[0m[0m arn                                  = "arn:aws:ec2:us-east-1:735486936198:vpc/vpc-0d43c31bdd130d61c" [90m-> null[0m[0m
      [31m-[0m[0m assign_generated_ipv6_cidr_block     = false [90m-> null[0m[0m
      [31m-[0m[0m cidr_block                           = "10.0.0.0/16" [90m-> null[0m[0m
      [31m-[0m[0m default_network_acl_id               = "acl-0a55c51147901c8e0" [90m-> null[0m[0m
      [31m-[0m[0m default_route_table_id               = "rtb-03d8f5117df7fc45c" [90m-> null[0m[0m
      [31m-[0m[0m default_security_group_id            = "sg-0cd2ffadfba98c179" [90m-> null[0m[0m
      [31m-[0m[0m dhcp_options_id                      = "dopt-1521da70" [90m-> null[0m[0m
      [31m-[0m[0m enable_dns_hostnames                 = true [90m-> null[0m[0m
      [31m-[0m[0m enable_dns_support                   = true [90m-> null[0m[0m
      [31m-[0m[0m enable_network_address_usage_metrics = false [90m-> null[0m[0m
      [31m-[0m[0m id                                   = "vpc-0d43c31bdd130d61c" [90m-> null[0m[0m
      [31m-[0m[0m instance_tenancy                     = "default" [90m-> null[0m[0m
      [31m-[0m[0m ipv6_netmask_length                  = 0 [90m-> null[0m[0m
      [31m-[0m[0m main_route_table_id                  = "rtb-03d8f5117df7fc45c" [90m-> null[0m[0m
      [31m-[0m[0m owner_id                             = "735486936198" [90m-> null[0m[0m
      [31m-[0m[0m region                               = "us-east-1" [90m-> null[0m[0m
      [31m-[0m[0m tags                                 = {
          [31m-[0m[0m "ManagedBy" = "terraform"
          [31m-[0m[0m "Module"    = "redis-enterprise-aws"
          [31m-[0m[0m "Name"      = "redis-simple-us-east-1-vpc"
        } [90m-> null[0m[0m
      [31m-[0m[0m tags_all                             = {
          [31m-[0m[0m "ManagedBy" = "terraform"
          [31m-[0m[0m "Module"    = "redis-enterprise-aws"
          [31m-[0m[0m "Name"      = "redis-simple-us-east-1-vpc"
        } [90m-> null[0m[0m
    }

[1mPlan:[0m 0 to add, 0 to change, 29 to destroy.
[0m
Changes to Outputs:
  [31m-[0m[0m admin_credentials = (sensitive value) [90m-> null[0m[0m
  [31m-[0m[0m admin_ui_urls     = {
      [31m-[0m[0m us-east-1 = "https://35.175.202.12:8443"
    } [90m-> null[0m[0m
  [31m-[0m[0m ssh_private_key   = (sensitive value) [90m-> null[0m[0m
[0m[1mmodule.redis_enterprise.module.cluster["us-east-1"].aws_iam_role_policy.redis: Destroying... [id=redis-simple-us-east-1-redis-role:redis-simple-us-east-1-redis-policy][0m[0m
[0m[1mmodule.redis_enterprise.module.cluster["us-east-1"].aws_instance.workers[1]: Destroying... [id=i-0307c67f2094e7e75][0m[0m
[0m[1mmodule.redis_enterprise.module.cluster["us-east-1"].aws_instance.workers[0]: Destroying... [id=i-00fe1d543be2dfeb7][0m[0m
[0m[1mmodule.redis_enterprise.module.cluster["us-east-1"].aws_iam_role_policy.redis: Destruction complete after 1s[0m
[0m[1mmodule.redis_enterprise.module.cluster["us-east-1"].aws_instance.workers[0]: Still destroying... [id=i-00fe1d543be2dfeb7, 10s elapsed][0m[0m
[0m[1mmodule.redis_enterprise.module.cluster["us-east-1"].aws_instance.workers[1]: Still destroying... [id=i-0307c67f2094e7e75, 10s elapsed][0m[0m
[0m[1mmodule.redis_enterprise.module.cluster["us-east-1"].aws_instance.workers[1]: Still destroying... [id=i-0307c67f2094e7e75, 20s elapsed][0m[0m
[0m[1mmodule.redis_enterprise.module.cluster["us-east-1"].aws_instance.workers[0]: Still destroying... [id=i-00fe1d543be2dfeb7, 20s elapsed][0m[0m
[0m[1mmodule.redis_enterprise.module.cluster["us-east-1"].aws_instance.workers[1]: Destruction complete after 20s[0m
[0m[1mmodule.redis_enterprise.module.cluster["us-east-1"].aws_instance.workers[0]: Still destroying... [id=i-00fe1d543be2dfeb7, 30s elapsed][0m[0m
[0m[1mmodule.redis_enterprise.module.cluster["us-east-1"].aws_instance.workers[0]: Still destroying... [id=i-00fe1d543be2dfeb7, 40s elapsed][0m[0m
[0m[1mmodule.redis_enterprise.module.cluster["us-east-1"].aws_instance.workers[0]: Still destroying... [id=i-00fe1d543be2dfeb7, 50s elapsed][0m[0m
[0m[1mmodule.redis_enterprise.module.cluster["us-east-1"].aws_instance.workers[0]: Still destroying... [id=i-00fe1d543be2dfeb7, 1m0s elapsed][0m[0m
[0m[1mmodule.redis_enterprise.module.cluster["us-east-1"].aws_instance.workers[0]: Still destroying... [id=i-00fe1d543be2dfeb7, 1m10s elapsed][0m[0m
[0m[1mmodule.redis_enterprise.module.cluster["us-east-1"].aws_instance.workers[0]: Still destroying... [id=i-00fe1d543be2dfeb7, 1m20s elapsed][0m[0m
[0m[1mmodule.redis_enterprise.module.cluster["us-east-1"].aws_instance.workers[0]: Destruction complete after 1m21s[0m
[0m[1mmodule.redis_enterprise.module.cluster["us-east-1"].aws_instance.master: Destroying... [id=i-0cde69d1a3563427f][0m[0m
[0m[1mmodule.redis_enterprise.module.cluster["us-east-1"].aws_instance.master: Still destroying... [id=i-0cde69d1a3563427f, 10s elapsed][0m[0m
[0m[1mmodule.redis_enterprise.module.cluster["us-east-1"].aws_instance.master: Still destroying... [id=i-0cde69d1a3563427f, 20s elapsed][0m[0m
[0m[1mmodule.redis_enterprise.module.cluster["us-east-1"].aws_instance.master: Still destroying... [id=i-0cde69d1a3563427f, 30s elapsed][0m[0m
[0m[1mmodule.redis_enterprise.module.cluster["us-east-1"].aws_instance.master: Still destroying... [id=i-0cde69d1a3563427f, 40s elapsed][0m[0m
[0m[1mmodule.redis_enterprise.module.cluster["us-east-1"].aws_instance.master: Destruction complete after 41s[0m
[0m[1mmodule.redis_enterprise.module.cluster["us-east-1"].aws_key_pair.redis: Destroying... [id=redis-simple-us-east-1-key][0m[0m
[0m[1mmodule.redis_enterprise.module.cluster["us-east-1"].aws_iam_instance_profile.redis: Destroying... [id=redis-simple-us-east-1-redis-profile][0m[0m
[0m[1mmodule.redis_enterprise.random_password.redis_admin[0]: Destroying... [id=none][0m[0m
[0m[1mmodule.redis_enterprise.random_password.redis_admin[0]: Destruction complete after 0s[0m
[0m[1mmodule.redis_enterprise.module.cluster["us-east-1"].aws_key_pair.redis: Destruction complete after 0s[0m
[0m[1mmodule.redis_enterprise.tls_private_key.generated[0]: Destroying... [id=39fea6ce58a6d155f7ab0a6190122dcb33c21738][0m[0m
[0m[1mmodule.redis_enterprise.tls_private_key.generated[0]: Destruction complete after 0s[0m
[0m[1mmodule.redis_enterprise.module.cluster["us-east-1"].aws_iam_instance_profile.redis: Destruction complete after 1s[0m
[0m[1mmodule.redis_enterprise.module.cluster["us-east-1"].aws_iam_role.redis: Destroying... [id=redis-simple-us-east-1-redis-role][0m[0m
[0m[1mmodule.redis_enterprise.module.cluster["us-east-1"].aws_iam_role.redis: Destruction complete after 0s[0m
[0m[1mmodule.redis_enterprise.module.network["us-east-1"].aws_route_table_association.bastion[0]: Destroying... [id=rtbassoc-0a6cf62a7dcba6507][0m[0m
[0m[1mmodule.redis_enterprise.module.network["us-east-1"].aws_security_group_rule.egress: Destroying... [id=sgrule-3407993035][0m[0m
[0m[1mmodule.redis_enterprise.module.network["us-east-1"].aws_security_group_rule.internal: Destroying... [id=sgrule-2469760565][0m[0m
[0m[1mmodule.redis_enterprise.module.network["us-east-1"].aws_security_group_rule.ssh: Destroying... [id=sgrule-2694578324][0m[0m
[0m[1mmodule.redis_enterprise.module.network["us-east-1"].aws_security_group_rule.metrics: Destroying... [id=sgrule-2947654827][0m[0m
[0m[1mmodule.redis_enterprise.module.network["us-east-1"].aws_route_table_association.public["us-east-1b"]: Destroying... [id=rtbassoc-022dd8357987d565d][0m[0m
[0m[1mmodule.redis_enterprise.module.network["us-east-1"].aws_security_group_rule.database: Destroying... [id=sgrule-3413184527][0m[0m
[0m[1mmodule.redis_enterprise.module.network["us-east-1"].aws_route_table_association.public["us-east-1a"]: Destroying... [id=rtbassoc-0d93b972e051930fd][0m[0m
[0m[1mmodule.redis_enterprise.module.network["us-east-1"].aws_security_group_rule.discovery: Destroying... [id=sgrule-3083085855][0m[0m
[0m[1mmodule.redis_enterprise.module.network["us-east-1"].aws_security_group_rule.admin_ui: Destroying... [id=sgrule-3016074521][0m[0m
[0m[1mmodule.redis_enterprise.module.network["us-east-1"].aws_route_table_association.public["us-east-1a"]: Destruction complete after 0s[0m
[0m[1mmodule.redis_enterprise.module.network["us-east-1"].aws_security_group_rule.rest_api: Destroying... [id=sgrule-747879410][0m[0m
[0m[1mmodule.redis_enterprise.module.network["us-east-1"].aws_route_table_association.bastion[0]: Destruction complete after 1s[0m
[0m[1mmodule.redis_enterprise.module.network["us-east-1"].aws_route_table_association.public["us-east-1b"]: Destruction complete after 1s[0m
[0m[1mmodule.redis_enterprise.module.network["us-east-1"].aws_route_table_association.public["us-east-1c"]: Destroying... [id=rtbassoc-05d27e5f3652d4ff6][0m[0m
[0m[1mmodule.redis_enterprise.module.network["us-east-1"].aws_subnet.bastion[0]: Destroying... [id=subnet-0106630a5ec8d1ad3][0m[0m
[0m[1mmodule.redis_enterprise.module.network["us-east-1"].aws_security_group_rule.database: Destruction complete after 1s[0m
[0m[1mmodule.redis_enterprise.module.network["us-east-1"].aws_route_table_association.public["us-east-1c"]: Destruction complete after 0s[0m
[0m[1mmodule.redis_enterprise.module.network["us-east-1"].aws_subnet.public["us-east-1c"]: Destroying... [id=subnet-0378166623d4a75d7][0m[0m
[0m[1mmodule.redis_enterprise.module.network["us-east-1"].aws_route_table.public: Destroying... [id=rtb-0c0e6c83d1e989d1e][0m[0m
[0m[1mmodule.redis_enterprise.module.network["us-east-1"].aws_subnet.bastion[0]: Destruction complete after 1s[0m
[0m[1mmodule.redis_enterprise.module.network["us-east-1"].aws_subnet.public["us-east-1b"]: Destroying... [id=subnet-026ee6c84045c7e34][0m[0m
[0m[1mmodule.redis_enterprise.module.network["us-east-1"].aws_subnet.public["us-east-1c"]: Destruction complete after 1s[0m
[0m[1mmodule.redis_enterprise.module.network["us-east-1"].aws_subnet.public["us-east-1a"]: Destroying... [id=subnet-0f758faecc1d75054][0m[0m
[0m[1mmodule.redis_enterprise.module.network["us-east-1"].aws_route_table.public: Destruction complete after 1s[0m
[0m[1mmodule.redis_enterprise.module.network["us-east-1"].aws_internet_gateway.main: Destroying... [id=igw-02b60c0573cdab800][0m[0m
[0m[1mmodule.redis_enterprise.module.network["us-east-1"].aws_subnet.public["us-east-1b"]: Destruction complete after 0s[0m
[0m[1mmodule.redis_enterprise.module.network["us-east-1"].aws_security_group_rule.admin_ui: Destruction complete after 2s[0m
[0m[1mmodule.redis_enterprise.module.network["us-east-1"].aws_subnet.public["us-east-1a"]: Destruction complete after 1s[0m
[0m[1mmodule.redis_enterprise.module.network["us-east-1"].aws_internet_gateway.main: Destruction complete after 1s[0m
[0m[1mmodule.redis_enterprise.module.network["us-east-1"].aws_security_group_rule.discovery: Destruction complete after 3s[0m
[0m[1mmodule.redis_enterprise.module.network["us-east-1"].aws_security_group_rule.ssh: Destruction complete after 4s[0m
[0m[1mmodule.redis_enterprise.module.network["us-east-1"].aws_security_group_rule.egress: Destruction complete after 5s[0m
[0m[1mmodule.redis_enterprise.module.network["us-east-1"].aws_security_group_rule.metrics: Destruction complete after 6s[0m
[0m[1mmodule.redis_enterprise.module.network["us-east-1"].aws_security_group_rule.internal: Destruction complete after 7s[0m
[0m[1mmodule.redis_enterprise.module.network["us-east-1"].aws_security_group_rule.rest_api: Destruction complete after 8s[0m
[0m[1mmodule.redis_enterprise.module.network["us-east-1"].aws_security_group.redis: Destroying... [id=sg-0a58023fa5da6b452][0m[0m
[0m[1mmodule.redis_enterprise.module.network["us-east-1"].aws_security_group.redis: Destruction complete after 1s[0m
[0m[1mmodule.redis_enterprise.module.network["us-east-1"].aws_vpc.main: Destroying... [id=vpc-0d43c31bdd130d61c][0m[0m
[0m[1mmodule.redis_enterprise.module.network["us-east-1"].aws_vpc.main: Destruction complete after 1s[0m
[0m[1m[32m
Destroy complete! Resources: 29 destroyed.
[0m